<?xml version="1.0" encoding="UTF-8"?>
<!-- Generated by org.testng.reporters.JUnitXMLReporter -->
<testsuite hostname="Tugba-MBP.fios-router.home" ignored="0" name="Default test" tests="3" failures="0" timestamp="2020-08-14T22:22:30 EDT" time="11.762" errors="0">
  <testcase name="verifyPageTitleTest" time="2.024" classname="com.qa.darksy.tests.HomePageTest"/>
  <testcase name="compareMinDegreesTest" time="4.132" classname="com.qa.darksy.tests.HomePageTest"/>
  <testcase name="compareMaxDegressTest" time="2.056" classname="com.qa.darksy.tests.HomePageTest"/>
</testsuite> <!-- Default test -->
